app/build/intermediates/manifest_merge_blame_file/release/manifest-merger-blame-release-report.txt
1<?xml version="1.0" encoding="utf-8"?>
2<manifest xmlns:android="http://schemas.android.com/apk/res/android"
3    package="com.sevenminuteworkout"
4    android:versionCode="1"
5    android:versionName="1.0" >
6
7    <uses-sdk
8        android:minSdkVersion="21"
8-->src\main\AndroidManifest.xml
9        android:targetSdkVersion="29" />
9-->src\main\AndroidManifest.xml
10
11    <application
11-->src\main\AndroidManifest.xml:6:5-33:19
12        android:allowBackup="false"
12-->src\main\AndroidManifest.xml:7:9-36
13        android:appComponentFactory="androidx.core.app.CoreComponentFactory"
13-->[androidx.core:core:1.2.0] AndroidManifest.xml:24:18-86
14        android:icon="@mipmap/ic_launcher"
14-->src\main\AndroidManifest.xml:8:9-43
15        android:label="@string/app_name"
15-->src\main\AndroidManifest.xml:9:9-41
16        android:roundIcon="@mipmap/ic_launcher_round"
16-->src\main\AndroidManifest.xml:10:9-54
17        android:supportsRtl="true"
17-->src\main\AndroidManifest.xml:11:9-35
18        android:theme="@style/AppTheme" >
18-->src\main\AndroidManifest.xml:12:9-40
19        <activity
19-->src\main\AndroidManifest.xml:14:9-17:20
20            android:name="com.sevenminuteworkout.FinishActivity"
20-->src\main\AndroidManifest.xml:14:19-49
21            android:screenOrientation="portrait"
21-->src\main\AndroidManifest.xml:15:13-49
22            android:theme="@style/Theme.AppCompat.NoActionBar" >
22-->src\main\AndroidManifest.xml:16:13-63
23        </activity>
24        <activity
24-->src\main\AndroidManifest.xml:18:9-21:66
25            android:name="com.sevenminuteworkout.ExerciseActivity"
25-->src\main\AndroidManifest.xml:19:13-45
26            android:screenOrientation="portrait"
26-->src\main\AndroidManifest.xml:20:13-49
27            android:theme="@style/Theme.AppCompat.NoActionBar" />
27-->src\main\AndroidManifest.xml:21:13-63
28        <activity
28-->src\main\AndroidManifest.xml:22:9-32:20
29            android:name="com.sevenminuteworkout.MainActivity"
29-->src\main\AndroidManifest.xml:23:13-41
30            android:label="@string/app_name"
30-->src\main\AndroidManifest.xml:24:13-45
31            android:screenOrientation="portrait"
31-->src\main\AndroidManifest.xml:25:13-49
32            android:theme="@style/Theme.AppCompat.Light.NoActionBar" >
32-->src\main\AndroidManifest.xml:26:13-69
33            <intent-filter>
33-->src\main\AndroidManifest.xml:27:13-31:29
34                <action android:name="android.intent.action.MAIN" />
34-->src\main\AndroidManifest.xml:28:17-69
34-->src\main\AndroidManifest.xml:28:25-66
35
36                <category android:name="android.intent.category.LAUNCHER" />
36-->src\main\AndroidManifest.xml:30:17-77
36-->src\main\AndroidManifest.xml:30:27-74
37            </intent-filter>
38        </activity>
39    </application>
40
41</manifest>